2020-12-27 15:57:34.6325|WARN|GadrocsWorkshop.Helios.Interfaces.Profile.ProfileInterface|an image referenced in the profile "F16C-BMS_v1.0b" could not be loaded from "Capt_Zeen\Kneeboards\utils\blue.jpg"|
2020-12-27 15:57:34.6325|WARN|GadrocsWorkshop.Helios.Interfaces.Profile.ProfileInterface|an image referenced in the profile "F16C-BMS_v1.0b" could not be loaded from "Capt_Zeen\Kneeboards\utils\blue.jpg"|
2020-12-27 15:57:34.6325|WARN|GadrocsWorkshop.Helios.Interfaces.Profile.ProfileInterface|an image referenced in the profile "F16C-BMS_v1.0b" could not be loaded from "Capt_Zeen\Kneeboards\utils\blue.jpg"|
2020-12-27 15:57:34.6325|WARN|GadrocsWorkshop.Helios.Interfaces.Profile.ProfileInterface|an image referenced in the profile "F16C-BMS_v1.0b" could not be loaded from "Capt_Zeen\Kneeboards\utils\blue.jpg"|
2020-12-27 15:57:34.6325|WARN|GadrocsWorkshop.Helios.Interfaces.Profile.ProfileInterface|an image referenced in the profile "F16C-BMS_v1.0b" could not be loaded from "Capt_Zeen\Kneeboards\utils\blue.jpg"|
2020-12-27 15:57:34.6325|WARN|GadrocsWorkshop.Helios.Interfaces.Profile.ProfileInterface|an image referenced in the profile "F16C-BMS_v1.0b" could not be loaded from "Capt_Zeen\Kneeboards\utils\blue.jpg"|
2020-12-27 15:57:34.6325|WARN|GadrocsWorkshop.Helios.Interfaces.Profile.ProfileInterface|an image referenced in the profile "F16C-BMS_v1.0b" could not be loaded from "Capt_Zeen\Kneeboards\utils\dark_grey.jpg"|
2020-12-27 15:57:34.6325|WARN|GadrocsWorkshop.Helios.Interfaces.Profile.ProfileInterface|an image referenced in the profile "F16C-BMS_v1.0b" could not be loaded from "Capt_Zeen\Kneeboards\utils\dark_grey.jpg"|
2020-12-27 15:57:34.6325|WARN|GadrocsWorkshop.Helios.Interfaces.Profile.ProfileInterface|an image referenced in the profile "F16C-BMS_v1.0b" could not be loaded from "Capt_Zeen\Kneeboards\utils\blue.jpg"|
2020-12-27 15:57:34.6325|WARN|GadrocsWorkshop.Helios.Interfaces.Profile.ProfileInterface|an image referenced in the profile "F16C-BMS_v1.0b" could not be loaded from "Capt_Zeen\Kneeboards\utils\blue.jpg"|
2020-12-27 15:57:34.6325|WARN|GadrocsWorkshop.Helios.Interfaces.Profile.ProfileInterface|an image referenced in the profile "F16C-BMS_v1.0b" could not be loaded from "Capt_Zeen\Kneeboards\utils\blue.jpg"|
2020-12-27 15:57:34.6325|WARN|GadrocsWorkshop.Helios.Interfaces.Profile.ProfileInterface|an image referenced in the profile "F16C-BMS_v1.0b" could not be loaded from "Capt_Zeen\Kneeboards\utils\blue.jpg"|
2020-12-27 15:57:34.6325|WARN|GadrocsWorkshop.Helios.Interfaces.Profile.ProfileInterface|an image referenced in the profile "F16C-BMS_v1.0b" could not be loaded from "Capt_Zeen\Kneeboards\utils\blue.jpg"|
2020-12-27 15:57:34.6325|WARN|GadrocsWorkshop.Helios.Interfaces.Profile.ProfileInterface|an image referenced in the profile "F16C-BMS_v1.0b" could not be loaded from "Capt_Zeen\Kneeboards\utils\blue.jpg"|
2020-12-27 15:57:34.6325|WARN|GadrocsWorkshop.Helios.Interfaces.Profile.ProfileInterface|an image referenced in the profile "F16C-BMS_v1.0b" could not be loaded from "Capt_Zeen\Kneeboards\utils\dark_grey.jpg"|
2020-12-27 15:57:34.6325|WARN|GadrocsWorkshop.Helios.Interfaces.Profile.ProfileInterface|an image referenced in the profile "F16C-BMS_v1.0b" could not be loaded from "Capt_Zeen\Kneeboards\utils\dark_grey.jpg"|
2020-12-27 15:57:34.6325|WARN|GadrocsWorkshop.Helios.Interfaces.Profile.ProfileInterface|an image referenced in the profile "F16C-BMS_v1.0b" could not be loaded from "Capt_Zeen\Kneeboards\utils\blue.jpg"|
2020-12-27 15:57:34.6325|WARN|GadrocsWorkshop.Helios.Interfaces.Profile.ProfileInterface|an image referenced in the profile "F16C-BMS_v1.0b" could not be loaded from "Capt_Zeen\Kneeboards\utils\blue.jpg"|
2020-12-27 15:57:34.6325|WARN|GadrocsWorkshop.Helios.Interfaces.Profile.ProfileInterface|an image referenced in the profile "F16C-BMS_v1.0b" could not be loaded from "Capt_Zeen\Kneeboards\utils\blue.jpg"|
2020-12-27 15:57:34.6325|WARN|GadrocsWorkshop.Helios.Interfaces.Profile.ProfileInterface|an image referenced in the profile "F16C-BMS_v1.0b" could not be loaded from "Capt_Zeen\Kneeboards\utils\blue.jpg"|
2020-12-27 15:57:34.6325|WARN|GadrocsWorkshop.Helios.Interfaces.Profile.ProfileInterface|an image referenced in the profile "F16C-BMS_v1.0b" could not be loaded from "Capt_Zeen\Kneeboards\utils\blue.jpg"|
2020-12-27 15:57:34.6325|WARN|GadrocsWorkshop.Helios.Interfaces.Profile.ProfileInterface|an image referenced in the profile "F16C-BMS_v1.0b" could not be loaded from "Capt_Zeen\Kneeboards\utils\blue.jpg"|
2020-12-27 15:57:34.6325|WARN|GadrocsWorkshop.Helios.Interfaces.Profile.ProfileInterface|an image referenced in the profile "F16C-BMS_v1.0b" could not be loaded from "Capt_Zeen\Kneeboards\utils\dark_grey.jpg"|
2020-12-27 15:57:34.6325|WARN|GadrocsWorkshop.Helios.Interfaces.Profile.ProfileInterface|an image referenced in the profile "F16C-BMS_v1.0b" could not be loaded from "Capt_Zeen\Kneeboards\utils\dark_grey.jpg"|
2020-12-27 15:57:34.6325|WARN|GadrocsWorkshop.Helios.Interfaces.Profile.ProfileInterface|an image referenced in the profile "F16C-BMS_v1.0b" could not be loaded from "Capt_Zeen\Kneeboards\utils\blue.jpg"|
2020-12-27 15:57:34.6325|WARN|GadrocsWorkshop.Helios.Interfaces.Profile.ProfileInterface|an image referenced in the profile "F16C-BMS_v1.0b" could not be loaded from "Capt_Zeen\Kneeboards\utils\blue.jpg"|
2020-12-27 15:57:34.6325|WARN|GadrocsWorkshop.Helios.Interfaces.Profile.ProfileInterface|an image referenced in the profile "F16C-BMS_v1.0b" could not be loaded from "Capt_Zeen\Kneeboards\utils\blue.jpg"|
2020-12-27 15:57:34.6325|WARN|GadrocsWorkshop.Helios.Interfaces.Profile.ProfileInterface|an image referenced in the profile "F16C-BMS_v1.0b" could not be loaded from "Capt_Zeen\Kneeboards\utils\blue.jpg"|
2020-12-27 15:57:34.6325|WARN|GadrocsWorkshop.Helios.Interfaces.Profile.ProfileInterface|an image referenced in the profile "F16C-BMS_v1.0b" could not be loaded from "Capt_Zeen\Kneeboards\utils\blue.jpg"|
2020-12-27 15:57:34.6325|WARN|GadrocsWorkshop.Helios.Interfaces.Profile.ProfileInterface|an image referenced in the profile "F16C-BMS_v1.0b" could not be loaded from "Capt_Zeen\Kneeboards\utils\blue.jpg"|
2020-12-27 15:57:34.6325|WARN|GadrocsWorkshop.Helios.Interfaces.Profile.ProfileInterface|an image referenced in the profile "F16C-BMS_v1.0b" could not be loaded from "Capt_Zeen\Kneeboards\utils\green.jpg"|
2020-12-27 15:57:34.6325|WARN|GadrocsWorkshop.Helios.Interfaces.Profile.ProfileInterface|an image referenced in the profile "F16C-BMS_v1.0b" could not be loaded from "Capt_Zeen\Kneeboards\utils\green.jpg"|
2020-12-27 15:57:34.6325|WARN|GadrocsWorkshop.Helios.Interfaces.Profile.ProfileInterface|an image referenced in the profile "F16C-BMS_v1.0b" could not be loaded from "Capt_Zeen\Kneeboards\utils\dark_grey.jpg"|
2020-12-27 15:57:34.6325|WARN|GadrocsWorkshop.Helios.Interfaces.Profile.ProfileInterface|an image referenced in the profile "F16C-BMS_v1.0b" could not be loaded from "Capt_Zeen\Kneeboards\utils\dark_grey.jpg"|
2020-12-27 15:57:34.6325|WARN|GadrocsWorkshop.Helios.Interfaces.Profile.ProfileInterface|an image referenced in the profile "F16C-BMS_v1.0b" could not be loaded from "Capt_Zeen\Kneeboards\utils\blue.jpg"|
2020-12-27 15:57:34.6325|WARN|GadrocsWorkshop.Helios.Interfaces.Profile.ProfileInterface|an image referenced in the profile "F16C-BMS_v1.0b" could not be loaded from "Capt_Zeen\Kneeboards\utils\blue.jpg"|
2020-12-27 15:57:34.6325|WARN|GadrocsWorkshop.Helios.Interfaces.Profile.ProfileInterface|an image referenced in the profile "F16C-BMS_v1.0b" could not be loaded from "Capt_Zeen\Kneeboards\utils\dark_grey.jpg"|
2020-12-27 15:57:34.6325|WARN|GadrocsWorkshop.Helios.Interfaces.Profile.ProfileInterface|an image referenced in the profile "F16C-BMS_v1.0b" could not be loaded from "Capt_Zeen\Kneeboards\utils\dark_grey.jpg"|
2020-12-27 15:57:34.6325|WARN|GadrocsWorkshop.Helios.Interfaces.Profile.ProfileInterface|an image referenced in the profile "F16C-BMS_v1.0b" could not be loaded from "Capt_Zeen\Kneeboards\utils\blue.jpg"|
2020-12-27 15:57:34.6325|WARN|GadrocsWorkshop.Helios.Interfaces.Profile.ProfileInterface|an image referenced in the profile "F16C-BMS_v1.0b" could not be loaded from "Capt_Zeen\Kneeboards\utils\blue.jpg"|
2020-12-27 15:57:34.6325|WARN|GadrocsWorkshop.Helios.Interfaces.Profile.ProfileInterface|an image referenced in the profile "F16C-BMS_v1.0b" could not be loaded from "Capt_Zeen\Kneeboards\utils\dark_grey.jpg"|
2020-12-27 15:57:34.6325|WARN|GadrocsWorkshop.Helios.Interfaces.Profile.ProfileInterface|an image referenced in the profile "F16C-BMS_v1.0b" could not be loaded from "Capt_Zeen\Kneeboards\utils\dark_grey.jpg"|
2020-12-27 15:57:34.6325|WARN|GadrocsWorkshop.Helios.Interfaces.Profile.ProfileInterface|an image referenced in the profile "F16C-BMS_v1.0b" could not be loaded from "Capt_Zeen\Kneeboards\utils\orange.jpg"|
2020-12-27 15:57:34.6325|WARN|GadrocsWorkshop.Helios.Interfaces.Profile.ProfileInterface|an image referenced in the profile "F16C-BMS_v1.0b" could not be loaded from "Capt_Zeen\Kneeboards\utils\orange.jpg"|
2020-12-27 15:57:34.6325|WARN|GadrocsWorkshop.Helios.Interfaces.Profile.ProfileInterface|an image referenced in the profile "F16C-BMS_v1.0b" could not be loaded from "Capt_Zeen\Kneeboards\utils\dark_grey.jpg"|
2020-12-27 15:57:34.6325|WARN|GadrocsWorkshop.Helios.Interfaces.Profile.ProfileInterface|an image referenced in the profile "F16C-BMS_v1.0b" could not be loaded from "Capt_Zeen\Kneeboards\utils\dark_grey.jpg"|
2020-12-27 15:57:35.0068|WARN|GadrocsWorkshop.Helios.Interfaces.Profile.ProfileInterface|an image referenced in the profile "F16C-BMS_v1.0b" could not be loaded from "Capt_Zeen\Kneeboards\utils\dark_grey.jpg"|
2020-12-27 15:57:35.0068|WARN|GadrocsWorkshop.Helios.Interfaces.Profile.ProfileInterface|an image referenced in the profile "F16C-BMS_v1.0b" could not be loaded from "Capt_Zeen\Kneeboards\utils\green.jpg"|
2020-12-27 15:57:35.0068|WARN|GadrocsWorkshop.Helios.Interfaces.Profile.ProfileInterface|an image referenced in the profile "F16C-BMS_v1.0b" could not be loaded from "Capt_Zeen\Kneeboards\utils\green.jpg"|
2020-12-27 15:57:35.0068|WARN|GadrocsWorkshop.Helios.Interfaces.Profile.ProfileInterface|an image referenced in the profile "F16C-BMS_v1.0b" could not be loaded from "Capt_Zeen\Kneeboards\utils\green.jpg"|
2020-12-27 15:57:35.0068|WARN|GadrocsWorkshop.Helios.Interfaces.Profile.ProfileInterface|an image referenced in the profile "F16C-BMS_v1.0b" could not be loaded from "Capt_Zeen\Kneeboards\utils\dark_grey.jpg"|
2020-12-27 15:57:35.0078|WARN|GadrocsWorkshop.Helios.Interfaces.Profile.ProfileInterface|an image referenced in the profile "F16C-BMS_v1.0b" could not be loaded from "Capt_Zeen\Kneeboards\utils\green.jpg"|
2020-12-27 15:57:35.0078|WARN|GadrocsWorkshop.Helios.Interfaces.Profile.ProfileInterface|an image referenced in the profile "F16C-BMS_v1.0b" could not be loaded from "Capt_Zeen\Kneeboards\utils\green.jpg"|
2020-12-27 15:57:35.0078|WARN|GadrocsWorkshop.Helios.Interfaces.Profile.ProfileInterface|an image referenced in the profile "F16C-BMS_v1.0b" could not be loaded from "Capt_Zeen\Kneeboards\utils\green.jpg"|
2020-12-27 15:57:35.0078|WARN|GadrocsWorkshop.Helios.Interfaces.Profile.ProfileInterface|an image referenced in the profile "F16C-BMS_v1.0b" could not be loaded from "Capt_Zeen\Kneeboards\utils\dark_grey.jpg"|
2020-12-27 15:57:35.0078|WARN|GadrocsWorkshop.Helios.Interfaces.Profile.ProfileInterface|an image referenced in the profile "F16C-BMS_v1.0b" could not be loaded from "Capt_Zeen\Kneeboards\utils\green.jpg"|
2020-12-27 15:57:35.0078|WARN|GadrocsWorkshop.Helios.Interfaces.Profile.ProfileInterface|an image referenced in the profile "F16C-BMS_v1.0b" could not be loaded from "Capt_Zeen\Kneeboards\utils\green.jpg"|
2020-12-27 15:57:35.0078|WARN|GadrocsWorkshop.Helios.Interfaces.Profile.ProfileInterface|an image referenced in the profile "F16C-BMS_v1.0b" could not be loaded from "Capt_Zeen\Kneeboards\utils\green.jpg"|
2020-12-27 15:57:35.0078|WARN|GadrocsWorkshop.Helios.Interfaces.Profile.ProfileInterface|an image referenced in the profile "F16C-BMS_v1.0b" could not be loaded from "Capt_Zeen\Kneeboards\utils\dark_grey.jpg"|
2020-12-27 15:57:35.0078|WARN|GadrocsWorkshop.Helios.Interfaces.Profile.ProfileInterface|an image referenced in the profile "F16C-BMS_v1.0b" could not be loaded from "Capt_Zeen\Kneeboards\utils\green.jpg"|
2020-12-27 15:57:35.0078|WARN|GadrocsWorkshop.Helios.Interfaces.Profile.ProfileInterface|an image referenced in the profile "F16C-BMS_v1.0b" could not be loaded from "Capt_Zeen\Kneeboards\utils\green.jpg"|
2020-12-27 15:57:35.0078|WARN|GadrocsWorkshop.Helios.Interfaces.Profile.ProfileInterface|an image referenced in the profile "F16C-BMS_v1.0b" could not be loaded from "Capt_Zeen\Kneeboards\utils\green.jpg"|
2020-12-27 15:57:35.0078|WARN|GadrocsWorkshop.Helios.Interfaces.Profile.ProfileInterface|an image referenced in the profile "F16C-BMS_v1.0b" could not be loaded from "Capt_Zeen\Kneeboards\utils\dark_grey.jpg"|
2020-12-27 15:57:35.0078|WARN|GadrocsWorkshop.Helios.Interfaces.Profile.ProfileInterface|an image referenced in the profile "F16C-BMS_v1.0b" could not be loaded from "Capt_Zeen\Kneeboards\utils\green.jpg"|
2020-12-27 15:57:35.0078|WARN|GadrocsWorkshop.Helios.Interfaces.Profile.ProfileInterface|an image referenced in the profile "F16C-BMS_v1.0b" could not be loaded from "Capt_Zeen\Kneeboards\utils\green.jpg"|
2020-12-27 15:57:35.0078|WARN|GadrocsWorkshop.Helios.Interfaces.Profile.ProfileInterface|an image referenced in the profile "F16C-BMS_v1.0b" could not be loaded from "Capt_Zeen\Kneeboards\utils\green.jpg"|
2020-12-27 15:57:35.0078|WARN|GadrocsWorkshop.Helios.Interfaces.Profile.ProfileInterface|an image referenced in the profile "F16C-BMS_v1.0b" could not be loaded from "Capt_Zeen\Kneeboards\utils\dark_grey.jpg"|
2020-12-27 15:57:35.0078|WARN|GadrocsWorkshop.Helios.Interfaces.Profile.ProfileInterface|an image referenced in the profile "F16C-BMS_v1.0b" could not be loaded from "Capt_Zeen\Kneeboards\utils\green.jpg"|
2020-12-27 15:57:35.0078|WARN|GadrocsWorkshop.Helios.Interfaces.Profile.ProfileInterface|an image referenced in the profile "F16C-BMS_v1.0b" could not be loaded from "Capt_Zeen\Kneeboards\utils\green.jpg"|
2020-12-27 15:57:35.0078|WARN|GadrocsWorkshop.Helios.Interfaces.Profile.ProfileInterface|an image referenced in the profile "F16C-BMS_v1.0b" could not be loaded from "Capt_Zeen\Kneeboards\utils\green.jpg"|
2020-12-27 15:57:35.0078|WARN|GadrocsWorkshop.Helios.Interfaces.Profile.ProfileInterface|an image referenced in the profile "F16C-BMS_v1.0b" could not be loaded from "Capt_Zeen\Kneeboards\utils\dark_grey.jpg"|
2020-12-27 15:57:35.0078|WARN|GadrocsWorkshop.Helios.Interfaces.Profile.ProfileInterface|an image referenced in the profile "F16C-BMS_v1.0b" could not be loaded from "Capt_Zeen\Kneeboards\utils\green.jpg"|
2020-12-27 15:57:35.0078|WARN|GadrocsWorkshop.Helios.Interfaces.Profile.ProfileInterface|an image referenced in the profile "F16C-BMS_v1.0b" could not be loaded from "Capt_Zeen\Kneeboards\utils\green.jpg"|
2020-12-27 15:57:35.0078|WARN|GadrocsWorkshop.Helios.Interfaces.Profile.ProfileInterface|an image referenced in the profile "F16C-BMS_v1.0b" could not be loaded from "Capt_Zeen\Kneeboards\utils\green.jpg"|
2020-12-27 15:57:35.0078|WARN|GadrocsWorkshop.Helios.Interfaces.Profile.ProfileInterface|an image referenced in the profile "F16C-BMS_v1.0b" could not be loaded from "Capt_Zeen\Kneeboards\utils\dark_grey.jpg"|
2020-12-27 15:57:35.0078|WARN|GadrocsWorkshop.Helios.Interfaces.Profile.ProfileInterface|an image referenced in the profile "F16C-BMS_v1.0b" could not be loaded from "Capt_Zeen\Kneeboards\utils\green.jpg"|
2020-12-27 15:57:35.0078|WARN|GadrocsWorkshop.Helios.Interfaces.Profile.ProfileInterface|an image referenced in the profile "F16C-BMS_v1.0b" could not be loaded from "Capt_Zeen\Kneeboards\utils\green.jpg"|
2020-12-27 15:57:35.0078|WARN|GadrocsWorkshop.Helios.Interfaces.Profile.ProfileInterface|an image referenced in the profile "F16C-BMS_v1.0b" could not be loaded from "Capt_Zeen\Kneeboards\utils\green.jpg"|
2020-12-27 15:57:35.0078|WARN|GadrocsWorkshop.Helios.Interfaces.Profile.ProfileInterface|an image referenced in the profile "F16C-BMS_v1.0b" could not be loaded from "Capt_Zeen\Kneeboards\utils\dark_grey.jpg"|
2020-12-27 15:57:35.0078|WARN|GadrocsWorkshop.Helios.Interfaces.Profile.ProfileInterface|an image referenced in the profile "F16C-BMS_v1.0b" could not be loaded from "Capt_Zeen\Kneeboards\utils\green.jpg"|
2020-12-27 15:57:35.0078|WARN|GadrocsWorkshop.Helios.Interfaces.Profile.ProfileInterface|an image referenced in the profile "F16C-BMS_v1.0b" could not be loaded from "Capt_Zeen\Kneeboards\utils\green.jpg"|
2020-12-27 15:57:35.0078|WARN|GadrocsWorkshop.Helios.Interfaces.Profile.ProfileInterface|an image referenced in the profile "F16C-BMS_v1.0b" could not be loaded from "Capt_Zeen\Kneeboards\utils\green.jpg"|
2020-12-27 15:57:35.0078|WARN|GadrocsWorkshop.Helios.Interfaces.Profile.ProfileInterface|an image referenced in the profile "F16C-BMS_v1.0b" could not be loaded from "Capt_Zeen\Kneeboards\utils\dark_grey.jpg"|
2020-12-27 15:57:35.0078|WARN|GadrocsWorkshop.Helios.Interfaces.Profile.ProfileInterface|an image referenced in the profile "F16C-BMS_v1.0b" could not be loaded from "Capt_Zeen\Kneeboards\utils\green.jpg"|
2020-12-27 15:57:35.0078|WARN|GadrocsWorkshop.Helios.Interfaces.Profile.ProfileInterface|an image referenced in the profile "F16C-BMS_v1.0b" could not be loaded from "Capt_Zeen\Kneeboards\utils\green.jpg"|
2020-12-27 15:57:35.0078|WARN|GadrocsWorkshop.Helios.Interfaces.Profile.ProfileInterface|an image referenced in the profile "F16C-BMS_v1.0b" could not be loaded from "Capt_Zeen\Kneeboards\utils\green.jpg"|
2020-12-27 15:57:35.0078|WARN|GadrocsWorkshop.Helios.Interfaces.Profile.ProfileInterface|an image referenced in the profile "F16C-BMS_v1.0b" could not be loaded from "Capt_Zeen\Kneeboards\utils\dark_grey.jpg"|
2020-12-27 15:57:35.0078|WARN|GadrocsWorkshop.Helios.Interfaces.Profile.ProfileInterface|an image referenced in the profile "F16C-BMS_v1.0b" could not be loaded from "Capt_Zeen\Kneeboards\utils\green.jpg"|
2020-12-27 15:57:35.0078|WARN|GadrocsWorkshop.Helios.Interfaces.Profile.ProfileInterface|an image referenced in the profile "F16C-BMS_v1.0b" could not be loaded from "Capt_Zeen\Kneeboards\utils\green.jpg"|
2020-12-27 15:57:35.0078|WARN|GadrocsWorkshop.Helios.Interfaces.Profile.ProfileInterface|an image referenced in the profile "F16C-BMS_v1.0b" could not be loaded from "Capt_Zeen\Kneeboards\utils\green.jpg"|
2020-12-27 15:57:35.0078|WARN|GadrocsWorkshop.Helios.Interfaces.Profile.ProfileInterface|an image referenced in the profile "F16C-BMS_v1.0b" could not be loaded from "Capt_Zeen\Kneeboards\utils\dark_grey.jpg"|
2020-12-27 15:57:35.0078|WARN|GadrocsWorkshop.Helios.Interfaces.Profile.ProfileInterface|an image referenced in the profile "F16C-BMS_v1.0b" could not be loaded from "Capt_Zeen\Kneeboards\utils\green.jpg"|
2020-12-27 15:57:35.0078|WARN|GadrocsWorkshop.Helios.Interfaces.Profile.ProfileInterface|an image referenced in the profile "F16C-BMS_v1.0b" could not be loaded from "Capt_Zeen\Kneeboards\utils\green.jpg"|
2020-12-27 15:57:35.0078|WARN|GadrocsWorkshop.Helios.Interfaces.Profile.ProfileInterface|an image referenced in the profile "F16C-BMS_v1.0b" could not be loaded from "Capt_Zeen\Kneeboards\utils\green.jpg"|
2020-12-27 15:57:35.0078|WARN|GadrocsWorkshop.Helios.Interfaces.Profile.ProfileInterface|an image referenced in the profile "F16C-BMS_v1.0b" could not be loaded from "Capt_Zeen\Kneeboards\utils\dark_grey.jpg"|
2020-12-27 15:57:35.0078|WARN|GadrocsWorkshop.Helios.Interfaces.Profile.ProfileInterface|an image referenced in the profile "F16C-BMS_v1.0b" could not be loaded from "Capt_Zeen\Kneeboards\utils\green.jpg"|
2020-12-27 15:57:35.0078|WARN|GadrocsWorkshop.Helios.Interfaces.Profile.ProfileInterface|an image referenced in the profile "F16C-BMS_v1.0b" could not be loaded from "Capt_Zeen\Kneeboards\utils\green.jpg"|
2020-12-27 15:57:35.0078|WARN|GadrocsWorkshop.Helios.Interfaces.Profile.ProfileInterface|an image referenced in the profile "F16C-BMS_v1.0b" could not be loaded from "Capt_Zeen\Kneeboards\utils\green.jpg"|
2020-12-27 15:57:35.0078|WARN|GadrocsWorkshop.Helios.Interfaces.Profile.ProfileInterface|an image referenced in the profile "F16C-BMS_v1.0b" could not be loaded from "Capt_Zeen\Kneeboards\utils\dark_grey.jpg"|
2020-12-27 15:57:35.0078|WARN|GadrocsWorkshop.Helios.Interfaces.Profile.ProfileInterface|an image referenced in the profile "F16C-BMS_v1.0b" could not be loaded from "Capt_Zeen\Kneeboards\utils\green.jpg"|
2020-12-27 15:57:35.0078|WARN|GadrocsWorkshop.Helios.Interfaces.Profile.ProfileInterface|an image referenced in the profile "F16C-BMS_v1.0b" could not be loaded from "Capt_Zeen\Kneeboards\utils\green.jpg"|
2020-12-27 15:57:35.0078|WARN|GadrocsWorkshop.Helios.Interfaces.Profile.ProfileInterface|an image referenced in the profile "F16C-BMS_v1.0b" could not be loaded from "Capt_Zeen\Kneeboards\utils\green.jpg"|
2020-12-27 15:57:35.0078|WARN|GadrocsWorkshop.Helios.Interfaces.Profile.ProfileInterface|an image referenced in the profile "F16C-BMS_v1.0b" could not be loaded from "Capt_Zeen\Kneeboards\utils\dark_grey.jpg"|
2020-12-27 15:57:35.0078|WARN|GadrocsWorkshop.Helios.Interfaces.Profile.ProfileInterface|an image referenced in the profile "F16C-BMS_v1.0b" could not be loaded from "Capt_Zeen\Kneeboards\utils\green.jpg"|
2020-12-27 15:57:35.0078|WARN|GadrocsWorkshop.Helios.Interfaces.Profile.ProfileInterface|an image referenced in the profile "F16C-BMS_v1.0b" could not be loaded from "Capt_Zeen\Kneeboards\utils\green.jpg"|
2020-12-27 15:57:35.0078|WARN|GadrocsWorkshop.Helios.Interfaces.Profile.ProfileInterface|an image referenced in the profile "F16C-BMS_v1.0b" could not be loaded from "Capt_Zeen\Kneeboards\utils\green.jpg"|
2020-12-27 15:57:35.0078|WARN|GadrocsWorkshop.Helios.Interfaces.Profile.ProfileInterface|an image referenced in the profile "F16C-BMS_v1.0b" could not be loaded from "Capt_Zeen\Kneeboards\utils\dark_grey.jpg"|
2020-12-27 15:57:35.0078|WARN|GadrocsWorkshop.Helios.Interfaces.Profile.ProfileInterface|an image referenced in the profile "F16C-BMS_v1.0b" could not be loaded from "Capt_Zeen\Kneeboards\utils\green.jpg"|
2020-12-27 15:57:35.0078|WARN|GadrocsWorkshop.Helios.Interfaces.Profile.ProfileInterface|an image referenced in the profile "F16C-BMS_v1.0b" could not be loaded from "Capt_Zeen\Kneeboards\utils\green.jpg"|
2020-12-27 15:57:35.0078|WARN|GadrocsWorkshop.Helios.Interfaces.Profile.ProfileInterface|an image referenced in the profile "F16C-BMS_v1.0b" could not be loaded from "Capt_Zeen\Kneeboards\utils\green.jpg"|
2020-12-27 15:57:35.0078|WARN|GadrocsWorkshop.Helios.Interfaces.Profile.ProfileInterface|an image referenced in the profile "F16C-BMS_v1.0b" could not be loaded from "Capt_Zeen\Kneeboards\utils\dark_grey.jpg"|
2020-12-27 15:57:35.0078|WARN|GadrocsWorkshop.Helios.Interfaces.Profile.ProfileInterface|an image referenced in the profile "F16C-BMS_v1.0b" could not be loaded from "Capt_Zeen\Kneeboards\utils\green.jpg"|
2020-12-27 15:57:35.0078|WARN|GadrocsWorkshop.Helios.Interfaces.Profile.ProfileInterface|an image referenced in the profile "F16C-BMS_v1.0b" could not be loaded from "Capt_Zeen\Kneeboards\utils\green.jpg"|
2020-12-27 15:57:35.0078|WARN|GadrocsWorkshop.Helios.Interfaces.Profile.ProfileInterface|an image referenced in the profile "F16C-BMS_v1.0b" could not be loaded from "Capt_Zeen\Kneeboards\utils\green.jpg"|
2020-12-27 15:57:35.0078|WARN|GadrocsWorkshop.Helios.Interfaces.Profile.ProfileInterface|an image referenced in the profile "F16C-BMS_v1.0b" could not be loaded from "Capt_Zeen\Kneeboards\utils\dark_grey.jpg"|
2020-12-27 15:57:35.0078|WARN|GadrocsWorkshop.Helios.Interfaces.Profile.ProfileInterface|an image referenced in the profile "F16C-BMS_v1.0b" could not be loaded from "Capt_Zeen\Kneeboards\utils\green.jpg"|
2020-12-27 15:57:35.0078|WARN|GadrocsWorkshop.Helios.Interfaces.Profile.ProfileInterface|an image referenced in the profile "F16C-BMS_v1.0b" could not be loaded from "Capt_Zeen\Kneeboards\utils\green.jpg"|
2020-12-27 15:57:35.0078|WARN|GadrocsWorkshop.Helios.Interfaces.Profile.ProfileInterface|an image referenced in the profile "F16C-BMS_v1.0b" could not be loaded from "Capt_Zeen\Kneeboards\utils\green.jpg"|
2020-12-27 15:57:35.0078|WARN|GadrocsWorkshop.Helios.Interfaces.Profile.ProfileInterface|an image referenced in the profile "F16C-BMS_v1.0b" could not be loaded from "Capt_Zeen\Kneeboards\utils\dark_grey.jpg"|
2020-12-27 15:57:35.0078|WARN|GadrocsWorkshop.Helios.Interfaces.Profile.ProfileInterface|an image referenced in the profile "F16C-BMS_v1.0b" could not be loaded from "Capt_Zeen\Kneeboards\utils\green.jpg"|
2020-12-27 15:57:35.0078|WARN|GadrocsWorkshop.Helios.Interfaces.Profile.ProfileInterface|an image referenced in the profile "F16C-BMS_v1.0b" could not be loaded from "Capt_Zeen\Kneeboards\utils\green.jpg"|
2020-12-27 15:57:35.0078|WARN|GadrocsWorkshop.Helios.Interfaces.Profile.ProfileInterface|an image referenced in the profile "F16C-BMS_v1.0b" could not be loaded from "Capt_Zeen\Kneeboards\utils\green.jpg"|
2020-12-27 15:57:35.0078|WARN|GadrocsWorkshop.Helios.Interfaces.Profile.ProfileInterface|an image referenced in the profile "F16C-BMS_v1.0b" could not be loaded from "Capt_Zeen\Kneeboards\utils\dark_grey.jpg"|
2020-12-27 15:57:35.0078|WARN|GadrocsWorkshop.Helios.Interfaces.Profile.ProfileInterface|an image referenced in the profile "F16C-BMS_v1.0b" could not be loaded from "Capt_Zeen\Kneeboards\utils\green.jpg"|
2020-12-27 15:57:35.0078|WARN|GadrocsWorkshop.Helios.Interfaces.Profile.ProfileInterface|an image referenced in the profile "F16C-BMS_v1.0b" could not be loaded from "Capt_Zeen\Kneeboards\utils\green.jpg"|
2020-12-27 15:57:35.0078|WARN|GadrocsWorkshop.Helios.Interfaces.Profile.ProfileInterface|an image referenced in the profile "F16C-BMS_v1.0b" could not be loaded from "Capt_Zeen\Kneeboards\utils\green.jpg"|
2020-12-27 15:57:35.0078|WARN|GadrocsWorkshop.Helios.Interfaces.Profile.ProfileInterface|an image referenced in the profile "F16C-BMS_v1.0b" could not be loaded from "Capt_Zeen\Kneeboards\utils\dark_grey.jpg"|
2020-12-27 15:57:35.0078|WARN|GadrocsWorkshop.Helios.Interfaces.Profile.ProfileInterface|an image referenced in the profile "F16C-BMS_v1.0b" could not be loaded from "Capt_Zeen\Kneeboards\utils\green.jpg"|
2020-12-27 15:57:35.0078|WARN|GadrocsWorkshop.Helios.Interfaces.Profile.ProfileInterface|an image referenced in the profile "F16C-BMS_v1.0b" could not be loaded from "Capt_Zeen\Kneeboards\utils\green.jpg"|
2020-12-27 15:57:35.0078|WARN|GadrocsWorkshop.Helios.Interfaces.Profile.ProfileInterface|an image referenced in the profile "F16C-BMS_v1.0b" could not be loaded from "Capt_Zeen\Kneeboards\utils\green.jpg"|
2020-12-27 15:57:35.0078|WARN|GadrocsWorkshop.Helios.Interfaces.Profile.ProfileInterface|an image referenced in the profile "F16C-BMS_v1.0b" could not be loaded from "Capt_Zeen\Kneeboards\utils\dark_grey.jpg"|
2020-12-27 15:57:35.0078|WARN|GadrocsWorkshop.Helios.Interfaces.Profile.ProfileInterface|an image referenced in the profile "F16C-BMS_v1.0b" could not be loaded from "Capt_Zeen\Kneeboards\utils\green.jpg"|
2020-12-27 15:57:35.0078|WARN|GadrocsWorkshop.Helios.Interfaces.Profile.ProfileInterface|an image referenced in the profile "F16C-BMS_v1.0b" could not be loaded from "Capt_Zeen\Kneeboards\utils\green.jpg"|
2020-12-27 15:57:35.0078|WARN|GadrocsWorkshop.Helios.Interfaces.Profile.ProfileInterface|an image referenced in the profile "F16C-BMS_v1.0b" could not be loaded from "Capt_Zeen\Kneeboards\utils\green.jpg"|
2020-12-27 15:57:35.0078|WARN|GadrocsWorkshop.Helios.Interfaces.Profile.ProfileInterface|an image referenced in the profile "F16C-BMS_v1.0b" could not be loaded from "Capt_Zeen\Kneeboards\utils\dark_grey.jpg"|
2020-12-27 15:57:35.0078|WARN|GadrocsWorkshop.Helios.Interfaces.Profile.ProfileInterface|an image referenced in the profile "F16C-BMS_v1.0b" could not be loaded from "Capt_Zeen\Kneeboards\utils\green.jpg"|
2020-12-27 15:57:35.0078|WARN|GadrocsWorkshop.Helios.Interfaces.Profile.ProfileInterface|an image referenced in the profile "F16C-BMS_v1.0b" could not be loaded from "Capt_Zeen\Kneeboards\utils\green.jpg"|
2020-12-27 15:57:35.0078|WARN|GadrocsWorkshop.Helios.Interfaces.Profile.ProfileInterface|an image referenced in the profile "F16C-BMS_v1.0b" could not be loaded from "Capt_Zeen\Kneeboards\utils\green.jpg"|
2020-12-27 15:57:35.0078|WARN|GadrocsWorkshop.Helios.Interfaces.Profile.ProfileInterface|an image referenced in the profile "F16C-BMS_v1.0b" could not be loaded from "Capt_Zeen\Kneeboards\utils\dark_grey.jpg"|
2020-12-27 15:57:35.0078|WARN|GadrocsWorkshop.Helios.Interfaces.Profile.ProfileInterface|an image referenced in the profile "F16C-BMS_v1.0b" could not be loaded from "Capt_Zeen\Kneeboards\utils\green.jpg"|
2020-12-27 15:57:35.0078|WARN|GadrocsWorkshop.Helios.Interfaces.Profile.ProfileInterface|an image referenced in the profile "F16C-BMS_v1.0b" could not be loaded from "Capt_Zeen\Kneeboards\utils\green.jpg"|
2020-12-27 15:57:35.0078|WARN|GadrocsWorkshop.Helios.Interfaces.Profile.ProfileInterface|an image referenced in the profile "F16C-BMS_v1.0b" could not be loaded from "Capt_Zeen\Kneeboards\utils\green.jpg"|
2020-12-27 15:57:35.0078|WARN|GadrocsWorkshop.Helios.Interfaces.Profile.ProfileInterface|an image referenced in the profile "F16C-BMS_v1.0b" could not be loaded from "Capt_Zeen\Kneeboards\utils\dark_grey.jpg"|
2020-12-27 15:57:35.0078|WARN|GadrocsWorkshop.Helios.Interfaces.Profile.ProfileInterface|an image referenced in the profile "F16C-BMS_v1.0b" could not be loaded from "Capt_Zeen\Kneeboards\utils\green.jpg"|
2020-12-27 15:57:35.0078|WARN|GadrocsWorkshop.Helios.Interfaces.Profile.ProfileInterface|an image referenced in the profile "F16C-BMS_v1.0b" could not be loaded from "Capt_Zeen\Kneeboards\utils\green.jpg"|
2020-12-27 15:57:35.0078|WARN|GadrocsWorkshop.Helios.Interfaces.Profile.ProfileInterface|an image referenced in the profile "F16C-BMS_v1.0b" could not be loaded from "Capt_Zeen\Kneeboards\utils\green.jpg"|
2020-12-27 15:57:35.0078|WARN|GadrocsWorkshop.Helios.Interfaces.Profile.ProfileInterface|an image referenced in the profile "F16C-BMS_v1.0b" could not be loaded from "Capt_Zeen\Kneeboards\utils\dark_grey.jpg"|
2020-12-27 15:57:35.0078|WARN|GadrocsWorkshop.Helios.Interfaces.Profile.ProfileInterface|an image referenced in the profile "F16C-BMS_v1.0b" could not be loaded from "Capt_Zeen\Kneeboards\utils\green.jpg"|
2020-12-27 15:57:35.0078|WARN|GadrocsWorkshop.Helios.Interfaces.Profile.ProfileInterface|an image referenced in the profile "F16C-BMS_v1.0b" could not be loaded from "Capt_Zeen\Kneeboards\utils\green.jpg"|
2020-12-27 15:57:35.0078|WARN|GadrocsWorkshop.Helios.Interfaces.Profile.ProfileInterface|an image referenced in the profile "F16C-BMS_v1.0b" could not be loaded from "Capt_Zeen\Kneeboards\utils\green.jpg"|
2020-12-27 15:57:35.0078|WARN|GadrocsWorkshop.Helios.Interfaces.Profile.ProfileInterface|an image referenced in the profile "F16C-BMS_v1.0b" could not be loaded from "BMS\kneeboards/Balkins/Balkans MAIP-01.png"|
2020-12-27 15:57:35.0078|WARN|GadrocsWorkshop.Helios.Interfaces.Profile.ProfileInterface|an image referenced in the profile "F16C-BMS_v1.0b" could not be loaded from "BMS\kneeboards\01 South Korea\Airstrips\Eastwest_airstrip_SK.png"|
2020-12-27 15:57:35.0078|WARN|GadrocsWorkshop.Helios.Interfaces.Profile.ProfileInterface|an image referenced in the profile "F16C-BMS_v1.0b" could not be loaded from "Capt_Zeen\Kneeboards\utils\dark_grey.jpg"|
2020-12-27 15:57:35.0078|WARN|GadrocsWorkshop.Helios.Interfaces.Profile.ProfileInterface|an image referenced in the profile "F16C-BMS_v1.0b" could not be loaded from "Capt_Zeen\Kneeboards\utils\blue.jpg"|
2020-12-27 15:57:35.0078|WARN|GadrocsWorkshop.Helios.Interfaces.Profile.ProfileInterface|an image referenced in the profile "F16C-BMS_v1.0b" could not be loaded from "Capt_Zeen\Kneeboards\utils\blue.jpg"|
2020-12-27 15:57:35.0078|WARN|GadrocsWorkshop.Helios.Interfaces.Profile.ProfileInterface|an image referenced in the profile "F16C-BMS_v1.0b" could not be loaded from "Capt_Zeen\Kneeboards\utils\blue.jpg"|
2020-12-27 15:57:35.0078|WARN|GadrocsWorkshop.Helios.Interfaces.Profile.ProfileInterface|an image referenced in the profile "F16C-BMS_v1.0b" could not be loaded from "Capt_Zeen\Kneeboards\utils\dark_grey.jpg"|
2020-12-27 15:57:35.0078|WARN|GadrocsWorkshop.Helios.Interfaces.Profile.ProfileInterface|an image referenced in the profile "F16C-BMS_v1.0b" could not be loaded from "Capt_Zeen\Kneeboards\utils\blue.jpg"|
2020-12-27 15:57:35.0078|WARN|GadrocsWorkshop.Helios.Interfaces.Profile.ProfileInterface|an image referenced in the profile "F16C-BMS_v1.0b" could not be loaded from "Capt_Zeen\Kneeboards\utils\blue.jpg"|
2020-12-27 15:57:35.0078|WARN|GadrocsWorkshop.Helios.Interfaces.Profile.ProfileInterface|an image referenced in the profile "F16C-BMS_v1.0b" could not be loaded from "Capt_Zeen\Kneeboards\utils\blue.jpg"|
2020-12-27 15:57:35.0078|WARN|GadrocsWorkshop.Helios.Interfaces.Profile.ProfileInterface|an image referenced in the profile "F16C-BMS_v1.0b" could not be loaded from "Capt_Zeen\Kneeboards\utils\dark_grey.jpg"|
2020-12-27 15:57:35.0078|WARN|GadrocsWorkshop.Helios.Interfaces.Profile.ProfileInterface|an image referenced in the profile "F16C-BMS_v1.0b" could not be loaded from "Capt_Zeen\Kneeboards\utils\blue.jpg"|
2020-12-27 15:57:35.0078|WARN|GadrocsWorkshop.Helios.Interfaces.Profile.ProfileInterface|an image referenced in the profile "F16C-BMS_v1.0b" could not be loaded from "Capt_Zeen\Kneeboards\utils\blue.jpg"|
2020-12-27 15:57:35.0078|WARN|GadrocsWorkshop.Helios.Interfaces.Profile.ProfileInterface|an image referenced in the profile "F16C-BMS_v1.0b" could not be loaded from "Capt_Zeen\Kneeboards\utils\blue.jpg"|
2020-12-27 15:57:35.0078|WARN|GadrocsWorkshop.Helios.Interfaces.Profile.ProfileInterface|an image referenced in the profile "F16C-BMS_v1.0b" could not be loaded from "Capt_Zeen\Kneeboards\utils\dark_grey.jpg"|
2020-12-27 15:57:35.0078|WARN|GadrocsWorkshop.Helios.Interfaces.Profile.ProfileInterface|an image referenced in the profile "F16C-BMS_v1.0b" could not be loaded from "Capt_Zeen\Kneeboards\utils\blue.jpg"|
2020-12-27 15:57:35.0078|WARN|GadrocsWorkshop.Helios.Interfaces.Profile.ProfileInterface|an image referenced in the profile "F16C-BMS_v1.0b" could not be loaded from "Capt_Zeen\Kneeboards\utils\blue.jpg"|
2020-12-27 15:57:35.0078|WARN|GadrocsWorkshop.Helios.Interfaces.Profile.ProfileInterface|an image referenced in the profile "F16C-BMS_v1.0b" could not be loaded from "Capt_Zeen\Kneeboards\utils\blue.jpg"|
2020-12-27 15:57:35.0078|WARN|GadrocsWorkshop.Helios.Interfaces.Profile.ProfileInterface|an image referenced in the profile "F16C-BMS_v1.0b" could not be loaded from "Capt_Zeen\Kneeboards\utils\dark_grey.jpg"|
2020-12-27 15:57:35.0078|WARN|GadrocsWorkshop.Helios.Interfaces.Profile.ProfileInterface|an image referenced in the profile "F16C-BMS_v1.0b" could not be loaded from "Capt_Zeen\Kneeboards\utils\blue.jpg"|
2020-12-27 15:57:35.0078|WARN|GadrocsWorkshop.Helios.Interfaces.Profile.ProfileInterface|an image referenced in the profile "F16C-BMS_v1.0b" could not be loaded from "Capt_Zeen\Kneeboards\utils\blue.jpg"|
2020-12-27 15:57:35.0078|WARN|GadrocsWorkshop.Helios.Interfaces.Profile.ProfileInterface|an image referenced in the profile "F16C-BMS_v1.0b" could not be loaded from "Capt_Zeen\Kneeboards\utils\blue.jpg"|
2020-12-27 15:57:35.0078|WARN|GadrocsWorkshop.Helios.Interfaces.Profile.ProfileInterface|an image referenced in the profile "F16C-BMS_v1.0b" could not be loaded from "Capt_Zeen\Kneeboards\utils\dark_grey.jpg"|
2020-12-27 15:57:35.0078|WARN|GadrocsWorkshop.Helios.Interfaces.Profile.ProfileInterface|an image referenced in the profile "F16C-BMS_v1.0b" could not be loaded from "Capt_Zeen\Kneeboards\utils\blue.jpg"|
2020-12-27 15:57:35.0078|WARN|GadrocsWorkshop.Helios.Interfaces.Profile.ProfileInterface|an image referenced in the profile "F16C-BMS_v1.0b" could not be loaded from "Capt_Zeen\Kneeboards\utils\blue.jpg"|
2020-12-27 15:57:35.0078|WARN|GadrocsWorkshop.Helios.Interfaces.Profile.ProfileInterface|an image referenced in the profile "F16C-BMS_v1.0b" could not be loaded from "Capt_Zeen\Kneeboards\utils\blue.jpg"|
2020-12-27 15:57:35.0078|WARN|GadrocsWorkshop.Helios.Interfaces.Profile.ProfileInterface|an image referenced in the profile "F16C-BMS_v1.0b" could not be loaded from "Capt_Zeen\Kneeboards\utils\dark_grey.jpg"|
2020-12-27 15:57:35.0078|WARN|GadrocsWorkshop.Helios.Interfaces.Profile.ProfileInterface|an image referenced in the profile "F16C-BMS_v1.0b" could not be loaded from "Capt_Zeen\Kneeboards\utils\blue.jpg"|
2020-12-27 15:57:35.0078|WARN|GadrocsWorkshop.Helios.Interfaces.Profile.ProfileInterface|an image referenced in the profile "F16C-BMS_v1.0b" could not be loaded from "Capt_Zeen\Kneeboards\utils\blue.jpg"|
2020-12-27 15:57:35.0078|WARN|GadrocsWorkshop.Helios.Interfaces.Profile.ProfileInterface|an image referenced in the profile "F16C-BMS_v1.0b" could not be loaded from "Capt_Zeen\Kneeboards\utils\blue.jpg"|
2020-12-27 15:57:35.0078|WARN|GadrocsWorkshop.Helios.Interfaces.Profile.ProfileInterface|an image referenced in the profile "F16C-BMS_v1.0b" could not be loaded from "Capt_Zeen\Kneeboards\utils\dark_grey.jpg"|
2020-12-27 15:57:35.0078|WARN|GadrocsWorkshop.Helios.Interfaces.Profile.ProfileInterface|an image referenced in the profile "F16C-BMS_v1.0b" could not be loaded from "Capt_Zeen\Kneeboards\utils\blue.jpg"|
2020-12-27 15:57:35.0078|WARN|GadrocsWorkshop.Helios.Interfaces.Profile.ProfileInterface|an image referenced in the profile "F16C-BMS_v1.0b" could not be loaded from "Capt_Zeen\Kneeboards\utils\blue.jpg"|
2020-12-27 15:57:35.0078|WARN|GadrocsWorkshop.Helios.Interfaces.Profile.ProfileInterface|an image referenced in the profile "F16C-BMS_v1.0b" could not be loaded from "Capt_Zeen\Kneeboards\utils\blue.jpg"|
2020-12-27 15:57:35.0078|WARN|GadrocsWorkshop.Helios.Interfaces.Profile.ProfileInterface|an image referenced in the profile "F16C-BMS_v1.0b" could not be loaded from "Capt_Zeen\Kneeboards\utils\dark_grey.jpg"|
2020-12-27 15:57:35.0078|WARN|GadrocsWorkshop.Helios.Interfaces.Profile.ProfileInterface|an image referenced in the profile "F16C-BMS_v1.0b" could not be loaded from "Capt_Zeen\Kneeboards\utils\blue.jpg"|
2020-12-27 15:57:35.0078|WARN|GadrocsWorkshop.Helios.Interfaces.Profile.ProfileInterface|an image referenced in the profile "F16C-BMS_v1.0b" could not be loaded from "Capt_Zeen\Kneeboards\utils\blue.jpg"|
2020-12-27 15:57:35.0078|WARN|GadrocsWorkshop.Helios.Interfaces.Profile.ProfileInterface|an image referenced in the profile "F16C-BMS_v1.0b" could not be loaded from "Capt_Zeen\Kneeboards\utils\blue.jpg"|
2020-12-27 15:57:35.0078|WARN|GadrocsWorkshop.Helios.Interfaces.Profile.ProfileInterface|an image referenced in the profile "F16C-BMS_v1.0b" could not be loaded from "Capt_Zeen\Kneeboards\utils\dark_grey.jpg"|
2020-12-27 15:57:35.0078|WARN|GadrocsWorkshop.Helios.Interfaces.Profile.ProfileInterface|an image referenced in the profile "F16C-BMS_v1.0b" could not be loaded from "Capt_Zeen\Kneeboards\utils\blue.jpg"|
2020-12-27 15:57:35.0078|WARN|GadrocsWorkshop.Helios.Interfaces.Profile.ProfileInterface|an image referenced in the profile "F16C-BMS_v1.0b" could not be loaded from "Capt_Zeen\Kneeboards\utils\blue.jpg"|
2020-12-27 15:57:35.0078|WARN|GadrocsWorkshop.Helios.Interfaces.Profile.ProfileInterface|an image referenced in the profile "F16C-BMS_v1.0b" could not be loaded from "Capt_Zeen\Kneeboards\utils\blue.jpg"|
2020-12-27 15:57:35.0078|WARN|GadrocsWorkshop.Helios.Interfaces.Profile.ProfileInterface|an image referenced in the profile "F16C-BMS_v1.0b" could not be loaded from "Capt_Zeen\Kneeboards\utils\dark_grey.jpg"|
2020-12-27 15:57:35.0078|WARN|GadrocsWorkshop.Helios.Interfaces.Profile.ProfileInterface|an image referenced in the profile "F16C-BMS_v1.0b" could not be loaded from "Capt_Zeen\Kneeboards\utils\blue.jpg"|
2020-12-27 15:57:35.0078|WARN|GadrocsWorkshop.Helios.Interfaces.Profile.ProfileInterface|an image referenced in the profile "F16C-BMS_v1.0b" could not be loaded from "Capt_Zeen\Kneeboards\utils\blue.jpg"|
2020-12-27 15:57:35.0078|WARN|GadrocsWorkshop.Helios.Interfaces.Profile.ProfileInterface|an image referenced in the profile "F16C-BMS_v1.0b" could not be loaded from "Capt_Zeen\Kneeboards\utils\blue.jpg"|
2020-12-27 15:57:35.0078|WARN|GadrocsWorkshop.Helios.Interfaces.Profile.ProfileInterface|an image referenced in the profile "F16C-BMS_v1.0b" could not be loaded from "Capt_Zeen\Kneeboards\utils\dark_grey.jpg"|
2020-12-27 15:57:35.0078|WARN|GadrocsWorkshop.Helios.Interfaces.Profile.ProfileInterface|an image referenced in the profile "F16C-BMS_v1.0b" could not be loaded from "Capt_Zeen\Kneeboards\utils\blue.jpg"|
2020-12-27 15:57:35.0078|WARN|GadrocsWorkshop.Helios.Interfaces.Profile.ProfileInterface|an image referenced in the profile "F16C-BMS_v1.0b" could not be loaded from "Capt_Zeen\Kneeboards\utils\blue.jpg"|
2020-12-27 15:57:35.0078|WARN|GadrocsWorkshop.Helios.Interfaces.Profile.ProfileInterface|an image referenced in the profile "F16C-BMS_v1.0b" could not be loaded from "Capt_Zeen\Kneeboards\utils\blue.jpg"|
2020-12-27 15:57:35.0078|WARN|GadrocsWorkshop.Helios.Interfaces.Profile.ProfileInterface|an image referenced in the profile "F16C-BMS_v1.0b" could not be loaded from "Capt_Zeen\Kneeboards\utils\dark_grey.jpg"|
2020-12-27 15:57:35.0078|WARN|GadrocsWorkshop.Helios.Interfaces.Profile.ProfileInterface|an image referenced in the profile "F16C-BMS_v1.0b" could not be loaded from "Capt_Zeen\Kneeboards\utils\blue.jpg"|
2020-12-27 15:57:35.0078|WARN|GadrocsWorkshop.Helios.Interfaces.Profile.ProfileInterface|an image referenced in the profile "F16C-BMS_v1.0b" could not be loaded from "Capt_Zeen\Kneeboards\utils\blue.jpg"|
2020-12-27 15:57:35.0078|WARN|GadrocsWorkshop.Helios.Interfaces.Profile.ProfileInterface|an image referenced in the profile "F16C-BMS_v1.0b" could not be loaded from "Capt_Zeen\Kneeboards\utils\blue.jpg"|
2020-12-27 15:57:35.0078|WARN|GadrocsWorkshop.Helios.Interfaces.Profile.ProfileInterface|an image referenced in the profile "F16C-BMS_v1.0b" could not be loaded from "Capt_Zeen\Kneeboards\utils\dark_grey.jpg"|
2020-12-27 15:57:35.0078|WARN|GadrocsWorkshop.Helios.Interfaces.Profile.ProfileInterface|an image referenced in the profile "F16C-BMS_v1.0b" could not be loaded from "Capt_Zeen\Kneeboards\utils\blue.jpg"|
2020-12-27 15:57:35.0078|WARN|GadrocsWorkshop.Helios.Interfaces.Profile.ProfileInterface|an image referenced in the profile "F16C-BMS_v1.0b" could not be loaded from "Capt_Zeen\Kneeboards\utils\blue.jpg"|
2020-12-27 15:57:35.0078|WARN|GadrocsWorkshop.Helios.Interfaces.Profile.ProfileInterface|an image referenced in the profile "F16C-BMS_v1.0b" could not be loaded from "Capt_Zeen\Kneeboards\utils\blue.jpg"|
2020-12-27 15:57:35.0078|WARN|GadrocsWorkshop.Helios.Interfaces.Profile.ProfileInterface|an image referenced in the profile "F16C-BMS_v1.0b" could not be loaded from "Capt_Zeen\Kneeboards\utils\dark_grey.jpg"|
2020-12-27 15:57:35.0078|WARN|GadrocsWorkshop.Helios.Interfaces.Profile.ProfileInterface|an image referenced in the profile "F16C-BMS_v1.0b" could not be loaded from "Capt_Zeen\Kneeboards\utils\blue.jpg"|
2020-12-27 15:57:35.0078|WARN|GadrocsWorkshop.Helios.Interfaces.Profile.ProfileInterface|an image referenced in the profile "F16C-BMS_v1.0b" could not be loaded from "Capt_Zeen\Kneeboards\utils\blue.jpg"|
2020-12-27 15:57:35.0078|WARN|GadrocsWorkshop.Helios.Interfaces.Profile.ProfileInterface|an image referenced in the profile "F16C-BMS_v1.0b" could not be loaded from "Capt_Zeen\Kneeboards\utils\blue.jpg"|
2020-12-27 15:57:35.0078|WARN|GadrocsWorkshop.Helios.Interfaces.Profile.ProfileInterface|an image referenced in the profile "F16C-BMS_v1.0b" could not be loaded from "Capt_Zeen\Kneeboards\utils\dark_grey.jpg"|
2020-12-27 15:57:35.0078|WARN|GadrocsWorkshop.Helios.Interfaces.Profile.ProfileInterface|an image referenced in the profile "F16C-BMS_v1.0b" could not be loaded from "Capt_Zeen\Kneeboards\utils\blue.jpg"|
2020-12-27 15:57:35.0078|WARN|GadrocsWorkshop.Helios.Interfaces.Profile.ProfileInterface|an image referenced in the profile "F16C-BMS_v1.0b" could not be loaded from "Capt_Zeen\Kneeboards\utils\blue.jpg"|
2020-12-27 15:57:35.0078|WARN|GadrocsWorkshop.Helios.Interfaces.Profile.ProfileInterface|an image referenced in the profile "F16C-BMS_v1.0b" could not be loaded from "Capt_Zeen\Kneeboards\utils\blue.jpg"|
2020-12-27 15:57:35.0078|WARN|GadrocsWorkshop.Helios.Interfaces.Profile.ProfileInterface|an image referenced in the profile "F16C-BMS_v1.0b" could not be loaded from "Capt_Zeen\Kneeboards\utils\dark_grey.jpg"|
2020-12-27 15:57:35.0078|WARN|GadrocsWorkshop.Helios.Interfaces.Profile.ProfileInterface|an image referenced in the profile "F16C-BMS_v1.0b" could not be loaded from "Capt_Zeen\Kneeboards\utils\blue.jpg"|
2020-12-27 15:57:35.0078|WARN|GadrocsWorkshop.Helios.Interfaces.Profile.ProfileInterface|an image referenced in the profile "F16C-BMS_v1.0b" could not be loaded from "Capt_Zeen\Kneeboards\utils\blue.jpg"|
2020-12-27 15:57:35.0078|WARN|GadrocsWorkshop.Helios.Interfaces.Profile.ProfileInterface|an image referenced in the profile "F16C-BMS_v1.0b" could not be loaded from "Capt_Zeen\Kneeboards\utils\blue.jpg"|
2020-12-27 15:57:35.0078|WARN|GadrocsWorkshop.Helios.Interfaces.Profile.ProfileInterface|an image referenced in the profile "F16C-BMS_v1.0b" could not be loaded from "Capt_Zeen\Kneeboards\utils\dark_grey.jpg"|
2020-12-27 15:57:35.0078|WARN|GadrocsWorkshop.Helios.Interfaces.Profile.ProfileInterface|an image referenced in the profile "F16C-BMS_v1.0b" could not be loaded from "Capt_Zeen\Kneeboards\utils\blue.jpg"|
2020-12-27 15:57:35.0078|WARN|GadrocsWorkshop.Helios.Interfaces.Profile.ProfileInterface|an image referenced in the profile "F16C-BMS_v1.0b" could not be loaded from "Capt_Zeen\Kneeboards\utils\blue.jpg"|
2020-12-27 15:57:35.0078|WARN|GadrocsWorkshop.Helios.Interfaces.Profile.ProfileInterface|an image referenced in the profile "F16C-BMS_v1.0b" could not be loaded from "Capt_Zeen\Kneeboards\utils\blue.jpg"|
2020-12-27 15:57:35.0078|WARN|GadrocsWorkshop.Helios.Interfaces.Profile.ProfileInterface|an image referenced in the profile "F16C-BMS_v1.0b" could not be loaded from "Capt_Zeen\Kneeboards\utils\dark_grey.jpg"|
2020-12-27 15:57:35.0078|WARN|GadrocsWorkshop.Helios.Interfaces.Profile.ProfileInterface|an image referenced in the profile "F16C-BMS_v1.0b" could not be loaded from "Capt_Zeen\Kneeboards\utils\blue.jpg"|
2020-12-27 15:57:35.0078|WARN|GadrocsWorkshop.Helios.Interfaces.Profile.ProfileInterface|an image referenced in the profile "F16C-BMS_v1.0b" could not be loaded from "Capt_Zeen\Kneeboards\utils\blue.jpg"|
2020-12-27 15:57:35.0078|WARN|GadrocsWorkshop.Helios.Interfaces.Profile.ProfileInterface|an image referenced in the profile "F16C-BMS_v1.0b" could not be loaded from "Capt_Zeen\Kneeboards\utils\blue.jpg"|
2020-12-27 15:57:35.0078|WARN|GadrocsWorkshop.Helios.Interfaces.Profile.ProfileInterface|an image referenced in the profile "F16C-BMS_v1.0b" could not be loaded from "Capt_Zeen\Kneeboards\utils\dark_grey.jpg"|
2020-12-27 15:57:35.0078|WARN|GadrocsWorkshop.Helios.Interfaces.Profile.ProfileInterface|an image referenced in the profile "F16C-BMS_v1.0b" could not be loaded from "Capt_Zeen\Kneeboards\utils\blue.jpg"|
2020-12-27 15:57:35.0078|WARN|GadrocsWorkshop.Helios.Interfaces.Profile.ProfileInterface|an image referenced in the profile "F16C-BMS_v1.0b" could not be loaded from "Capt_Zeen\Kneeboards\utils\blue.jpg"|
2020-12-27 15:57:35.0078|WARN|GadrocsWorkshop.Helios.Interfaces.Profile.ProfileInterface|an image referenced in the profile "F16C-BMS_v1.0b" could not be loaded from "Capt_Zeen\Kneeboards\utils\blue.jpg"|
2020-12-27 15:57:35.0078|WARN|GadrocsWorkshop.Helios.Interfaces.Profile.ProfileInterface|an image referenced in the profile "F16C-BMS_v1.0b" could not be loaded from "Capt_Zeen\Kneeboards\utils\dark_grey.jpg"|
2020-12-27 15:57:35.0078|WARN|GadrocsWorkshop.Helios.Interfaces.Profile.ProfileInterface|an image referenced in the profile "F16C-BMS_v1.0b" could not be loaded from "Capt_Zeen\Kneeboards\utils\blue.jpg"|
2020-12-27 15:57:35.0078|WARN|GadrocsWorkshop.Helios.Interfaces.Profile.ProfileInterface|an image referenced in the profile "F16C-BMS_v1.0b" could not be loaded from "Capt_Zeen\Kneeboards\utils\blue.jpg"|
2020-12-27 15:57:35.0078|WARN|GadrocsWorkshop.Helios.Interfaces.Profile.ProfileInterface|an image referenced in the profile "F16C-BMS_v1.0b" could not be loaded from "Capt_Zeen\Kneeboards\utils\blue.jpg"|
2020-12-27 15:57:35.0078|WARN|GadrocsWorkshop.Helios.Interfaces.Profile.ProfileInterface|an image referenced in the profile "F16C-BMS_v1.0b" could not be loaded from "Capt_Zeen\Kneeboards\utils\green.jpg"|
2020-12-27 15:57:35.0078|WARN|GadrocsWorkshop.Helios.Interfaces.Profile.ProfileInterface|an image referenced in the profile "F16C-BMS_v1.0b" could not be loaded from "Capt_Zeen\Kneeboards\utils\dark_grey.jpg"|
2020-12-27 15:57:35.0078|WARN|GadrocsWorkshop.Helios.Interfaces.Profile.ProfileInterface|an image referenced in the profile "F16C-BMS_v1.0b" could not be loaded from "Capt_Zeen\Kneeboards\utils\blue.jpg"|
2020-12-27 15:57:35.0078|WARN|GadrocsWorkshop.Helios.Interfaces.Profile.ProfileInterface|an image referenced in the profile "F16C-BMS_v1.0b" could not be loaded from "Capt_Zeen\Kneeboards\utils\dark_grey.jpg"|
2020-12-27 15:57:35.0078|WARN|GadrocsWorkshop.Helios.Interfaces.Profile.ProfileInterface|an image referenced in the profile "F16C-BMS_v1.0b" could not be loaded from "Capt_Zeen\Kneeboards\utils\blue.jpg"|
2020-12-27 15:57:35.0078|WARN|GadrocsWorkshop.Helios.Interfaces.Profile.ProfileInterface|an image referenced in the profile "F16C-BMS_v1.0b" could not be loaded from "Capt_Zeen\Kneeboards\utils\dark_grey.jpg"|
2020-12-27 15:57:35.0078|WARN|GadrocsWorkshop.Helios.Interfaces.Profile.ProfileInterface|an image referenced in the profile "F16C-BMS_v1.0b" could not be loaded from "Capt_Zeen\Kneeboards\utils\orange.jpg"|
2020-12-27 15:57:35.0078|WARN|GadrocsWorkshop.Helios.Interfaces.Profile.ProfileInterface|an image referenced in the profile "F16C-BMS_v1.0b" could not be loaded from "Capt_Zeen\Kneeboards\utils\dark_grey.jpg"|
2020-12-27 15:57:35.2811|WARN|GadrocsWorkshop.Helios.Interfaces.Profile.ProfileInterface|an image referenced in the profile "F16C-BMS_v1.0b" could not be loaded from "BMS\kneeboards/Balkins/Balkans MAIP-01.png"|
2020-12-27 15:57:35.2811|WARN|GadrocsWorkshop.Helios.Interfaces.Profile.ProfileInterface|an image referenced in the profile "F16C-BMS_v1.0b" could not be loaded from "BMS\kneeboards\01 South Korea\Airstrips\Eastwest_airstrip_SK.png"|
2020-12-27 15:58:27.2521|WARN|GadrocsWorkshop.Helios.Interfaces.Profile.ProfileInterface|an image referenced in the profile "F16C-BMS_v1.0b" could not be loaded from "BMS\kneeboards/Balkins/Balkans MAIP-01.png"|
2020-12-27 15:58:27.2521|WARN|GadrocsWorkshop.Helios.Interfaces.Profile.ProfileInterface|an image referenced in the profile "F16C-BMS_v1.0b" could not be loaded from "BMS\kneeboards/Balkins/Balkans MAIP-01.png"|
2020-12-27 15:58:27.2521|WARN|GadrocsWorkshop.Helios.Interfaces.Profile.ProfileInterface|an image referenced in the profile "F16C-BMS_v1.0b" could not be loaded from "BMS\kneeboards\01 South Korea\Airstrips\Eastwest_airstrip_SK.png"|
2020-12-27 15:58:27.2521|WARN|GadrocsWorkshop.Helios.Interfaces.Profile.ProfileInterface|an image referenced in the profile "F16C-BMS_v1.0b" could not be loaded from "BMS\kneeboards\01 South Korea\Airstrips\Eastwest_airstrip_SK.png"|
2020-12-27 15:58:27.6335|WARN|GadrocsWorkshop.Helios.Interfaces.Profile.ProfileInterface|an image referenced in the profile "F16C-BMS_v1.0b" could not be loaded from "BMS\kneeboards/Balkins/Balkans MAIP-01.png"|
2020-12-27 15:58:27.6335|WARN|GadrocsWorkshop.Helios.Interfaces.Profile.ProfileInterface|an image referenced in the profile "F16C-BMS_v1.0b" could not be loaded from "BMS\kneeboards\01 South Korea\Airstrips\Eastwest_airstrip_SK.png"|
2020-12-27 15:58:27.8567|WARN|GadrocsWorkshop.Helios.Interfaces.Profile.ProfileInterface|an image referenced in the profile "F16C-BMS_v1.0b" could not be loaded from "BMS\kneeboards/Balkins/Balkans MAIP-01.png"|
2020-12-27 15:58:27.8567|WARN|GadrocsWorkshop.Helios.Interfaces.Profile.ProfileInterface|an image referenced in the profile "F16C-BMS_v1.0b" could not be loaded from "BMS\kneeboards\01 South Korea\Airstrips\Eastwest_airstrip_SK.png"|
